<?xml version="1.0" encoding="UTF-8"?>
<beans xmlns="http://www.springframework.org/schema/beans"
    xmlns:xsi="http://www.w3.org/2001/XMLSchema-instance"
    xsi:schemaLocation="http://www.springframework.org/schema/beans http://www.springframework.org/schema/beans/spring-beans.xsd">

    <bean id="broker" class="com.acme.customer.BrokerFactoryBean" />

    <bean id="jmsTemplate" class="org.springframework.jms.core.JmsTemplate">
        <property name="connectionFactory" ref="testConnectionFactory" />
    </bean> 


        
    <bean class="org.springframework.jms.listener.DefaultMessageListenerContainer">
        <property name="connectionFactory" ref="testConnectionFactory" />
        <property name="destinationName" value="customer.create" />
        <property name="messageListener" ref="messageListener" />
        <property name="transactionManager" ref="transactionManager" />
        <property name="sessionTransacted" value="true" />
    </bean>

    <bean id="testConnectionFactory" class="org.apache.activemq.ActiveMQConnectionFactory">
        <property name="brokerURL" value="vm://localhost?broker.persistent=false" />
    </bean>


    <!-- <bean id="testConnectionFactory" class="com.atomikos.jms.AtomikosConnectionFactoryBean" init-method="init" destroy-method="close">
        <property name="uniqueResourceName" value="amq2" />
        <property name="xaConnectionFactory">
            <bean  class="org.apache.activemq.ActiveMQXAConnectionFactory">
                <property name="brokerURL" value="vm://localhost?broker.persistent=false" />
            </bean>
            </property>
        <property name="poolSize" value="10" />
        <property name="localTransactionMode" value="true" /> 

    </bean> -->

</beans>