<?xml version="1.0" encoding="UTF-8"?>
<beans xmlns="http://www.springframework.org/schema/beans"
    xmlns:xsi="http://www.w3.org/2001/XMLSchema-instance"
    xsi:schemaLocation="http://www.springframework.org/schema/beans http://www.springframework.org/schema/beans/spring-beans.xsd">

    <bean id="broker" class="com.acme.customer.BrokerFactoryBean" />

    <bean id="jmsTemplate" class="org.springframework.jms.core.JmsTemplate">
        <property name="connectionFactory" ref="connectionFactory" />
    </bean>

    <bean id="xaFactory" class="org.apache.activemq.ActiveMQXAConnectionFactory">
        <property name="brokerURL" value="vm://localhost?broker.persistent=false" />
    </bean>

</beans>