<?xml version="1.0" encoding="UTF-8"?>
<beans xmlns="http://www.springframework.org/schema/beans"
    xmlns:xsi="http://www.w3.org/2001/XMLSchema-instance"
    xsi:schemaLocation="http://www.springframework.org/schema/beans http://www.springframework.org/schema/beans/spring-beans.xsd">

    <!-- Define the H2 DataSource -->
    <bean id="customerDataSource" class="org.h2.jdbcx.JdbcDataSource">
        <property name="url"
            value="jdbc:h2:mem:testdb;DB_CLOSE_DELAY=-1;MODE=Oracle;NON_KEYWORDS=KEY,VALUE;DB_CLOSE_ON_EXIT=FALSE" />
    </bean>


</beans>